2015/04/28 16:12:17 [error] [exception.CHttpException.404] exception 'CHttpException' with message 'Unable to resolve the request "user".' in /var/www/yiiRoot/framework/web/CWebApplication.php:286
Stack trace:
#0 /var/www/yiiRoot/framework/web/CWebApplication.php(141): CWebApplication->runController('user')
#1 /var/www/yiiRoot/framework/base/CApplication.php(184): CWebApplication->processRequest()
#2 /var/www/testdrive/index.php(13): CApplication->run()
#3 {main}
REQUEST_URI=/testdrive/index.php?r=user
---
2015/04/28 16:12:27 [error] [exception.CHttpException.403] exception 'CHttpException' with message 'You are not allowed to access this page.' in /var/www/yiiRoot/framework/gii/GiiModule.php:170
Stack trace:
#0 /var/www/yiiRoot/framework/web/CController.php(263): GiiModule->beforeControllerAction(Object(DefaultController), Object(CInlineAction))
#1 /var/www/yiiRoot/framework/web/CWebApplication.php(282): CController->run('')
#2 /var/www/yiiRoot/framework/web/CWebApplication.php(141): CWebApplication->runController('gii')
#3 /var/www/yiiRoot/framework/base/CApplication.php(184): CWebApplication->processRequest()
#4 /var/www/testdrive/index.php(13): CApplication->run()
#5 {main}
REQUEST_URI=/testdrive/index.php?r=gii
---
2015/04/28 16:41:30 [error] [exception.CHttpException.403] exception 'CHttpException' with message 'You are not allowed to access this page.' in /var/www/yiiRoot/framework/gii/GiiModule.php:170
Stack trace:
#0 /var/www/yiiRoot/framework/web/CController.php(263): GiiModule->beforeControllerAction(Object(DefaultController), Object(CInlineAction))
#1 /var/www/yiiRoot/framework/web/CWebApplication.php(282): CController->run('')
#2 /var/www/yiiRoot/framework/web/CWebApplication.php(141): CWebApplication->runController('gii')
#3 /var/www/yiiRoot/framework/base/CApplication.php(184): CWebApplication->processRequest()
#4 /var/www/testdrive/index.php(13): CApplication->run()
#5 {main}
REQUEST_URI=/testdrive/index.php?r=gii
---
2015/04/28 18:27:34 [error] [exception.CHttpException.404] exception 'CHttpException' with message 'The system is unable to find the requested action "hola".' in /var/www/yiiRoot/framework/web/CController.php:483
Stack trace:
#0 /var/www/yiiRoot/framework/web/CController.php(270): CController->missingAction('hola')
#1 /var/www/yiiRoot/framework/web/CWebApplication.php(282): CController->run('hola')
#2 /var/www/yiiRoot/framework/web/CWebApplication.php(141): CWebApplication->runController('site/hola')
#3 /var/www/yiiRoot/framework/base/CApplication.php(184): CWebApplication->processRequest()
#4 /var/www/testdrive/index.php(13): CApplication->run()
#5 {main}
REQUEST_URI=/testdrive/index.php?r=site/hola
HTTP_REFERER=http://172.16.100.5/testdrive/index.php?r=site/contact
---
2015/04/28 18:31:10 [error] [exception.CHttpException.404] exception 'CHttpException' with message 'The system is unable to find the requested action "hola".' in /var/www/yiiRoot/framework/web/CController.php:483
Stack trace:
#0 /var/www/yiiRoot/framework/web/CController.php(270): CController->missingAction('hola')
#1 /var/www/yiiRoot/framework/web/CWebApplication.php(282): CController->run('hola')
#2 /var/www/yiiRoot/framework/web/CWebApplication.php(141): CWebApplication->runController('site/hola')
#3 /var/www/yiiRoot/framework/base/CApplication.php(184): CWebApplication->processRequest()
#4 /var/www/testdrive/index.php(13): CApplication->run()
#5 {main}
REQUEST_URI=/testdrive/index.php?r=site/hola
HTTP_REFERER=http://172.16.100.5/testdrive/index.php?r=site/contact
---
2015/04/28 18:31:25 [error] [exception.CHttpException.404] exception 'CHttpException' with message 'The system is unable to find the requested action "hola".' in /var/www/yiiRoot/framework/web/CController.php:483
Stack trace:
#0 /var/www/yiiRoot/framework/web/CController.php(270): CController->missingAction('hola')
#1 /var/www/yiiRoot/framework/web/CWebApplication.php(282): CController->run('hola')
#2 /var/www/yiiRoot/framework/web/CWebApplication.php(141): CWebApplication->runController('site/hola')
#3 /var/www/yiiRoot/framework/base/CApplication.php(184): CWebApplication->processRequest()
#4 /var/www/testdrive/index.php(13): CApplication->run()
#5 {main}
REQUEST_URI=/testdrive/index.php?r=site/hola
HTTP_REFERER=http://172.16.100.5/testdrive/index.php?r=site/login
---
2015/04/28 18:41:13 [error] [php] require(/var/www/testdrive/protected/views/site/hola.php): failed to open stream: Permission denied (/var/www/yiiRoot/framework/web/CBaseController.php:126)
Stack trace:
#0 /var/www/yiiRoot/framework/web/CController.php(869): SiteController->renderFile()
#1 /var/www/yiiRoot/framework/web/CController.php(782): SiteController->renderPartial()
#2 /var/www/testdrive/protected/controllers/SiteController.php(26): SiteController->render()
#3 /var/www/yiiRoot/framework/web/actions/CInlineAction.php(49): SiteController->actionHola()
#4 /var/www/yiiRoot/framework/web/CController.php(308): CInlineAction->runWithParams()
#5 /var/www/yiiRoot/framework/web/CController.php(286): SiteController->runAction()
#6 /var/www/yiiRoot/framework/web/CController.php(265): SiteController->runActionWithFilters()
#7 /var/www/yiiRoot/framework/web/CWebApplication.php(282): SiteController->run()
#8 /var/www/yiiRoot/framework/web/CWebApplication.php(141): CWebApplication->runController()
#9 /var/www/yiiRoot/framework/base/CApplication.php(184): CWebApplication->processRequest()
#10 /var/www/testdrive/index.php(13): CWebApplication->run()
REQUEST_URI=/testdrive/index.php/site/hola
in /var/www/testdrive/protected/controllers/SiteController.php (26)
in /var/www/testdrive/index.php (13)
2015/04/28 18:42:34 [error] [php] require(/var/www/testdrive/protected/views/site/hola.php): failed to open stream: Permission denied (/var/www/yiiRoot/framework/web/CBaseController.php:126)
Stack trace:
#0 /var/www/yiiRoot/framework/web/CController.php(869): SiteController->renderFile()
#1 /var/www/yiiRoot/framework/web/CController.php(782): SiteController->renderPartial()
#2 /var/www/testdrive/protected/controllers/SiteController.php(26): SiteController->render()
#3 /var/www/yiiRoot/framework/web/actions/CInlineAction.php(49): SiteController->actionHola()
#4 /var/www/yiiRoot/framework/web/CController.php(308): CInlineAction->runWithParams()
#5 /var/www/yiiRoot/framework/web/CController.php(286): SiteController->runAction()
#6 /var/www/yiiRoot/framework/web/CController.php(265): SiteController->runActionWithFilters()
#7 /var/www/yiiRoot/framework/web/CWebApplication.php(282): SiteController->run()
#8 /var/www/yiiRoot/framework/web/CWebApplication.php(141): CWebApplication->runController()
#9 /var/www/yiiRoot/framework/base/CApplication.php(184): CWebApplication->processRequest()
#10 /var/www/testdrive/index.php(13): CWebApplication->run()
REQUEST_URI=/testdrive/index.php/site/hola
in /var/www/testdrive/protected/controllers/SiteController.php (26)
in /var/www/testdrive/index.php (13)
2015/04/28 18:42:36 [error] [php] require(/var/www/testdrive/protected/views/site/hola.php): failed to open stream: Permission denied (/var/www/yiiRoot/framework/web/CBaseController.php:126)
Stack trace:
#0 /var/www/yiiRoot/framework/web/CController.php(869): SiteController->renderFile()
#1 /var/www/yiiRoot/framework/web/CController.php(782): SiteController->renderPartial()
#2 /var/www/testdrive/protected/controllers/SiteController.php(26): SiteController->render()
#3 /var/www/yiiRoot/framework/web/actions/CInlineAction.php(49): SiteController->actionHola()
#4 /var/www/yiiRoot/framework/web/CController.php(308): CInlineAction->runWithParams()
#5 /var/www/yiiRoot/framework/web/CController.php(286): SiteController->runAction()
#6 /var/www/yiiRoot/framework/web/CController.php(265): SiteController->runActionWithFilters()
#7 /var/www/yiiRoot/framework/web/CWebApplication.php(282): SiteController->run()
#8 /var/www/yiiRoot/framework/web/CWebApplication.php(141): CWebApplication->runController()
#9 /var/www/yiiRoot/framework/base/CApplication.php(184): CWebApplication->processRequest()
#10 /var/www/testdrive/index.php(13): CWebApplication->run()
REQUEST_URI=/testdrive/index.php/site/hola
in /var/www/testdrive/protected/controllers/SiteController.php (26)
in /var/www/testdrive/index.php (13)
2015/06/10 19:33:31 [error] [exception.CException] exception 'CException' with message 'Filter "inlineFilterName" is invalid. Controller "PartidosController" does not have the filter method "filterinlineFilterName".' in /var/www/yiiRoot/framework/web/filters/CInlineFilter.php:46
Stack trace:
#0 /var/www/yiiRoot/framework/web/filters/CFilterChain.php(72): CInlineFilter::create(Object(PartidosController), 'inlineFilterNam...')
#1 /var/www/yiiRoot/framework/web/CController.php(291): CFilterChain::create(Object(PartidosController), Object(CInlineAction), Array)
#2 /var/www/yiiRoot/framework/web/CController.php(265): CController->runActionWithFilters(Object(CInlineAction), Array)
#3 /var/www/yiiRoot/framework/web/CWebApplication.php(282): CController->run('create')
#4 /var/www/yiiRoot/framework/web/CWebApplication.php(141): CWebApplication->runController('partidos/create')
#5 /var/www/yiiRoot/framework/base/CApplication.php(184): CWebApplication->processRequest()
#6 /var/www/testdrive/index.php(13): CApplication->run()
#7 {main}
REQUEST_URI=/testdrive/index.php/partidos/create
---
2015/06/11 17:11:29 [error] [exception.CException] exception 'CException' with message 'Property "TblPartidos.id_user" is not defined.' in /var/www/yiiRoot/framework/base/CComponent.php:130
Stack trace:
#0 /var/www/yiiRoot/framework/db/ar/CActiveRecord.php(145): CComponent->__get('id_user')
#1 /var/www/testdrive/protected/views/tblPartidos/_view.php(29): CActiveRecord->__get('id_user')
#2 /var/www/yiiRoot/framework/web/CBaseController.php(130): require('/var/www/testdr...')
#3 /var/www/yiiRoot/framework/web/CBaseController.php(95): CBaseController->renderInternal('/var/www/testdr...', Array, false)
#4 /var/www/yiiRoot/framework/zii/widgets/CListView.php(291): CBaseController->renderFile('/var/www/testdr...', Array)
#5 /var/www/yiiRoot/framework/zii/widgets/CBaseListView.php(181): CListView->renderItems()
#6 [internal function]: CBaseListView->renderSection(Array)
#7 /var/www/yiiRoot/framework/zii/widgets/CBaseListView.php(164): preg_replace_callback('/{(\\w+)}/', Array, '{summary}\n{sort...')
#8 /var/www/yiiRoot/framework/zii/widgets/CBaseListView.php(149): CBaseListView->renderContent()
#9 /var/www/yiiRoot/framework/web/CBaseController.php(181): CBaseListView->run()
#10 /var/www/testdrive/protected/views/tblPartidos/index.php(20): CBaseController->widget('zii.widgets.CLi...', Array)
#11 /var/www/yiiRoot/framework/web/CBaseController.php(126): require('/var/www/testdr...')
#12 /var/www/yiiRoot/framework/web/CBaseController.php(95): CBaseController->renderInternal('/var/www/testdr...', Array, true)
#13 /var/www/yiiRoot/framework/web/CController.php(869): CBaseController->renderFile('/var/www/testdr...', Array, true)
#14 /var/www/yiiRoot/framework/web/CController.php(782): CController->renderPartial('index', Array, true)
#15 /var/www/testdrive/protected/controllers/TblPartidosController.php(128): CController->render('index', Array)
#16 /var/www/yiiRoot/framework/web/actions/CInlineAction.php(49): TblPartidosController->actionIndex()
#17 /var/www/yiiRoot/framework/web/CController.php(308): CInlineAction->runWithParams(Array)
#18 /var/www/yiiRoot/framework/web/filters/CFilterChain.php(133): CController->runAction(Object(CInlineAction))
#19 /var/www/yiiRoot/framework/web/filters/CFilter.php(40): CFilterChain->run()
#20 /var/www/yiiRoot/framework/web/CController.php(1145): CFilter->filter(Object(CFilterChain))
#21 /var/www/yiiRoot/framework/web/filters/CInlineFilter.php(58): CController->filterAccessControl(Object(CFilterChain))
#22 /var/www/yiiRoot/framework/web/filters/CFilterChain.php(130): CInlineFilter->filter(Object(CFilterChain))
#23 /var/www/yiiRoot/framework/web/CController.php(291): CFilterChain->run()
#24 /var/www/yiiRoot/framework/web/CController.php(265): CController->runActionWithFilters(Object(CInlineAction), Array)
#25 /var/www/yiiRoot/framework/web/CWebApplication.php(282): CController->run('index')
#26 /var/www/yiiRoot/framework/web/CWebApplication.php(141): CWebApplication->runController('tblPartidos/ind...')
#27 /var/www/yiiRoot/framework/base/CApplication.php(184): CWebApplication->processRequest()
#28 /var/www/testdrive/index.php(13): CApplication->run()
#29 {main}
REQUEST_URI=/testdrive/index.php/tblPartidos/index
---
2015/06/11 17:31:48 [error] [exception.CException] exception 'CException' with message 'Property "TblPartidos.id_user" is not defined.' in /var/www/yiiRoot/framework/base/CComponent.php:130
Stack trace:
#0 /var/www/yiiRoot/framework/db/ar/CActiveRecord.php(145): CComponent->__get('id_user')
#1 /var/www/testdrive/protected/models/TblPartidos.php(87): CActiveRecord->__get('id_user')
#2 /var/www/testdrive/protected/views/tblPartidos/admin.php(45): TblPartidos->search()
#3 /var/www/yiiRoot/framework/web/CBaseController.php(126): require('/var/www/testdr...')
#4 /var/www/yiiRoot/framework/web/CBaseController.php(95): CBaseController->renderInternal('/var/www/testdr...', Array, true)
#5 /var/www/yiiRoot/framework/web/CController.php(869): CBaseController->renderFile('/var/www/testdr...', Array, true)
#6 /var/www/yiiRoot/framework/web/CController.php(782): CController->renderPartial('admin', Array, true)
#7 /var/www/testdrive/protected/controllers/TblPartidosController.php(143): CController->render('admin', Array)
#8 /var/www/yiiRoot/framework/web/actions/CInlineAction.php(49): TblPartidosController->actionAdmin()
#9 /var/www/yiiRoot/framework/web/CController.php(308): CInlineAction->runWithParams(Array)
#10 /var/www/yiiRoot/framework/web/filters/CFilterChain.php(133): CController->runAction(Object(CInlineAction))
#11 /var/www/yiiRoot/framework/web/filters/CFilter.php(40): CFilterChain->run()
#12 /var/www/yiiRoot/framework/web/CController.php(1145): CFilter->filter(Object(CFilterChain))
#13 /var/www/yiiRoot/framework/web/filters/CInlineFilter.php(58): CController->filterAccessControl(Object(CFilterChain))
#14 /var/www/yiiRoot/framework/web/filters/CFilterChain.php(130): CInlineFilter->filter(Object(CFilterChain))
#15 /var/www/yiiRoot/framework/web/CController.php(291): CFilterChain->run()
#16 /var/www/yiiRoot/framework/web/CController.php(265): CController->runActionWithFilters(Object(CInlineAction), Array)
#17 /var/www/yiiRoot/framework/web/CWebApplication.php(282): CController->run('admin')
#18 /var/www/yiiRoot/framework/web/CWebApplication.php(141): CWebApplication->runController('tblPartidos/adm...')
#19 /var/www/yiiRoot/framework/base/CApplication.php(184): CWebApplication->processRequest()
#20 /var/www/testdrive/index.php(13): CApplication->run()
#21 {main}
REQUEST_URI=/testdrive/index.php/tblPartidos/admin
HTTP_REFERER=http://172.16.100.5/testdrive/index.php/tblPartidos/create
---
2015/06/11 17:31:58 [error] [exception.CException] exception 'CException' with message 'Property "TblPartidos.id_user" is not defined.' in /var/www/yiiRoot/framework/base/CComponent.php:130
Stack trace:
#0 /var/www/yiiRoot/framework/db/ar/CActiveRecord.php(145): CComponent->__get('id_user')
#1 /var/www/testdrive/protected/models/TblPartidos.php(87): CActiveRecord->__get('id_user')
#2 /var/www/testdrive/protected/views/tblPartidos/admin.php(45): TblPartidos->search()
#3 /var/www/yiiRoot/framework/web/CBaseController.php(126): require('/var/www/testdr...')
#4 /var/www/yiiRoot/framework/web/CBaseController.php(95): CBaseController->renderInternal('/var/www/testdr...', Array, true)
#5 /var/www/yiiRoot/framework/web/CController.php(869): CBaseController->renderFile('/var/www/testdr...', Array, true)
#6 /var/www/yiiRoot/framework/web/CController.php(782): CController->renderPartial('admin', Array, true)
#7 /var/www/testdrive/protected/controllers/TblPartidosController.php(143): CController->render('admin', Array)
#8 /var/www/yiiRoot/framework/web/actions/CInlineAction.php(49): TblPartidosController->actionAdmin()
#9 /var/www/yiiRoot/framework/web/CController.php(308): CInlineAction->runWithParams(Array)
#10 /var/www/yiiRoot/framework/web/filters/CFilterChain.php(133): CController->runAction(Object(CInlineAction))
#11 /var/www/yiiRoot/framework/web/filters/CFilter.php(40): CFilterChain->run()
#12 /var/www/yiiRoot/framework/web/CController.php(1145): CFilter->filter(Object(CFilterChain))
#13 /var/www/yiiRoot/framework/web/filters/CInlineFilter.php(58): CController->filterAccessControl(Object(CFilterChain))
#14 /var/www/yiiRoot/framework/web/filters/CFilterChain.php(130): CInlineFilter->filter(Object(CFilterChain))
#15 /var/www/yiiRoot/framework/web/CController.php(291): CFilterChain->run()
#16 /var/www/yiiRoot/framework/web/CController.php(265): CController->runActionWithFilters(Object(CInlineAction), Array)
#17 /var/www/yiiRoot/framework/web/CWebApplication.php(282): CController->run('admin')
#18 /var/www/yiiRoot/framework/web/CWebApplication.php(141): CWebApplication->runController('tblPartidos/adm...')
#19 /var/www/yiiRoot/framework/base/CApplication.php(184): CWebApplication->processRequest()
#20 /var/www/testdrive/index.php(13): CApplication->run()
#21 {main}
REQUEST_URI=/testdrive/index.php/tblPartidos/admin
HTTP_REFERER=http://172.16.100.5/testdrive/index.php/tblPartidos/create
---
2015/06/11 17:33:23 [error] [exception.CException] exception 'CException' with message 'Property "TblPartidos.id_user" is not defined.' in /var/www/yiiRoot/framework/base/CComponent.php:130
Stack trace:
#0 /var/www/yiiRoot/framework/db/ar/CActiveRecord.php(145): CComponent->__get('id_user')
#1 /var/www/testdrive/protected/models/TblPartidos.php(87): CActiveRecord->__get('id_user')
#2 /var/www/testdrive/protected/views/tblPartidos/admin.php(45): TblPartidos->search()
#3 /var/www/yiiRoot/framework/web/CBaseController.php(126): require('/var/www/testdr...')
#4 /var/www/yiiRoot/framework/web/CBaseController.php(95): CBaseController->renderInternal('/var/www/testdr...', Array, true)
#5 /var/www/yiiRoot/framework/web/CController.php(869): CBaseController->renderFile('/var/www/testdr...', Array, true)
#6 /var/www/yiiRoot/framework/web/CController.php(782): CController->renderPartial('admin', Array, true)
#7 /var/www/testdrive/protected/controllers/TblPartidosController.php(143): CController->render('admin', Array)
#8 /var/www/yiiRoot/framework/web/actions/CInlineAction.php(49): TblPartidosController->actionAdmin()
#9 /var/www/yiiRoot/framework/web/CController.php(308): CInlineAction->runWithParams(Array)
#10 /var/www/yiiRoot/framework/web/filters/CFilterChain.php(133): CController->runAction(Object(CInlineAction))
#11 /var/www/yiiRoot/framework/web/filters/CFilter.php(40): CFilterChain->run()
#12 /var/www/yiiRoot/framework/web/CController.php(1145): CFilter->filter(Object(CFilterChain))
#13 /var/www/yiiRoot/framework/web/filters/CInlineFilter.php(58): CController->filterAccessControl(Object(CFilterChain))
#14 /var/www/yiiRoot/framework/web/filters/CFilterChain.php(130): CInlineFilter->filter(Object(CFilterChain))
#15 /var/www/yiiRoot/framework/web/CController.php(291): CFilterChain->run()
#16 /var/www/yiiRoot/framework/web/CController.php(265): CController->runActionWithFilters(Object(CInlineAction), Array)
#17 /var/www/yiiRoot/framework/web/CWebApplication.php(282): CController->run('admin')
#18 /var/www/yiiRoot/framework/web/CWebApplication.php(141): CWebApplication->runController('tblPartidos/adm...')
#19 /var/www/yiiRoot/framework/base/CApplication.php(184): CWebApplication->processRequest()
#20 /var/www/testdrive/index.php(13): CApplication->run()
#21 {main}
REQUEST_URI=/testdrive/index.php/tblPartidos/admin
HTTP_REFERER=http://172.16.100.5/testdrive/index.php/tblPartidos/create
---
